[    0.000000] Initializing cgroup subsys cpuset
[    0.000000] Initializing cgroup subss cpu
[    0.000000] Initializing cgroup subsys cpuacct
[    0.000000] Linux version 4.4.0-130-generic (buildd@lgw01-amd64-039) (gcc version 5.4.0 2016069 (Ubuntu 5.4.0-6ubuntu1~16.04.9) ) #156-Ubuntu SMP Thu Jun 14 08:53:28 UTC 2018 (Ubuntu 4.4.0-130.156-generic 4.4.134)
[    0.000000] Command line: BOOT_IMAGE=/boot/vmlinuz-4.4.0-130-generic root=LABEL=cloudimg-rootfs ro console=tty1 console=ttyS0
[    0.000000] KERNEL supported cpus:
[    0.000000]   Intel GenuineIntel
[    0.000000]   AMD AuthenticAMD
[    0.000000]   Centaur CentaurHaul
[    0.000000] x86/fpu: xstate_offset[2]:  576, xstate_sizes[2]:  256
[    0.00000] x86/fpu: Supporting XSAVE feature 0x01: 'x87 floating point registers'
[    0.000000] x86/fpu: Supporting XSAVE feature 0x02: 'SSE registers'
[    0.000000] x86/fpu: Supporting XSAVE feature 0x4: 'AVX registers'
[    0.000000] x86/fpu: Eabled xstate features 0x7, context size is 832 byes, using 'standard' format.
[    0.000000 x86/pu: Using 'eager' FPU context switches.
[    0.000000] e820: BIOS-provided physical RAM map:
[    0.000000] BIOS-e820: [mem 0x0000000000000000-0x000000000009fbff] usable
[    0.000000] BIOS-e820: [me 0x000000000009fc0-0x000000000009ffff] reserved
[    0.000000] BIOS-e820: [mem 0x00000000000f0000-0x00000000000fffff] reserved
[    0.000000] BIOS-e820: [mem 0x0000000000100000-0x000000003ffeffff] usable
[    0.000000] BIOS-e820: [mem 0x00000003fff000-0x000000003fffffff] ACPI data
[    0.000000] BIOS-e820: [mem 0x00000000fec00000-0x00000000fec00fff] reserved
[    0.000000] BIOS-e820: [mem 0x00000000fee00000-0x00000000fee00fff] reserved
[    0.000000] BIOS-e820: [mem 0x00000000fffc0000-0x00000000ffffffff] reserved
[    0.000000] NX (Execute Disable) protection: active
[    0.000000] SMBIOS 2.5 present.
[    0.000000] Hypervisor detected: KVM
[    0.000000] e820: last_pfn = 0x3fff0 max_arch_pfn = 0x400000000
[   0.000000] MTRR:Diisabled
[    0.000000] x86/PAT: MTRRs disabled, skipping PAT initialization too.
[    0.000000] CPU MTRRs all blank - virtualized system.
[    0.000000] x86/PAT: Configuration [0-7]: WB  WT  UC- UC  WB  WT  UC- UC  
[    0.000000] found SMP MP-table at [mem 0x0009fff0-0x0009ffff] mapped at [ffff88000009fff0]
[    0.000000] Scanning 1 areas for low memory corruption
[    0.000000] RAMDISK: [mem 0x36aa4000-0x37549fff]
[    0.000000] ACPI: Early table checksum verification disabled
[   0.000000] ACPI: RSDP 0x00000000000E0000 000024 (v002 VBOX  )
[    0.000000] ACPI: XSDT 0x000000003FFF0030 00003C (v01 VBOX   VBOXXSDT 00000001 ASL  00000061)
[    0.000000] ACPI: FACP 0x000000003FFF00F0 0000F4 (v04 VBOX   VBOXFACP 00000001 ASL  00000061)
[    0000000] ACPI: DSDT 0x000000003FFF0470 0021FF (v02 VBOX   VBOXBIS 000000002 INTL 20100528)
[    0.00000 ACPI: FACS 0x000000003FFF0200000040
[   0.00000] ACPI: ACS 0x000000003FFF0200 000040
[    0.000000] ACPI: APIC 0x000000003FFF020 00005C (v02 VBOX   VBOXAPIC 00000001 ASL  0000061)
[    0.000000] ACPI SSDT 0x000000003FFF02A0 0001C (v01 VOX   VBOXCPUT 00000002 INTL 20100528)
[    .000000] No NUMA configuration found
[    0.000000] Faking a node at [mem 0x0000000000000000-0x000000003ffeffff]
[    0.000000] NODE_DATA(0) allocated [mem 0x3ffeb000-0x3ffeffff]
[    0.000000] kvm-clock: Using msrs 4b564d01 and 4b564d00
[    0.000000] kvm-clock: cpu 0, msr 0:3ffe3001, primary cpu clock
[    0.000000] kvm-clock: using sched offset of 7402215923 cycles
[    0.000000] clocksource: kvm-clock: mask: 0xffffffffffffffff max_cycles: 0x1cd42e4dffb, max_idle_ns: 881590591483 ns
[    0.000000] Zone ranges:
[    0.000000]   DMA      [mem 0x0000000000001000-0x0000000000ffffff]
[    0.000000]   DMA32    [mem 0x0000000001000000-0x000000003ffeffff]
[    0.000000]   Normal   empty
[    0.000000]   Device   empty
[    0.000000] Movable zone start for each node
[    0.000000] Early memory node ranges
[    0.000000]   node   0: [mem 0x0000000000001000-0x000000000009efff]
[    0.000000]   node   0: [mem 0x0000000000100000-0x000000003ffeffff]
[    0.000000] Initmem setup node 0 [mem 0x0000000000001000-0x000000003ffeffff]
[    0.000000] ACPI: PM-Timer IO Port: 0x4008
[    0.000000] IAPIC[0]: apic_id 2, version 32, address 0xfec00000, GSI 0-23
[    0.000000] ACPI: INT_SRC_OVR (bus 0 bus_irq 0 global_irq 2 dfl dfl)
[    0.000000] ACPI: INT_SRC_OVR (bus 0bus_irq 9 glbal_irq 9 low level)
[    0.000000] Usig ACPI (MADT) for SMP cofiguration information
[    0.000000] smpboot: Allowing 2 CPUs, 0 hotplug CPUs
[    0.000000] PM: Regstered nosave memory: [mem 0x00000000-0x00000fff]
[    0.000000] PM: Registered nosave memory: [mem 0x0009f000-0x0009ffff]
[    0.000000] PM: Regisered nosave memory: [mem 0x000a000-0x000effff]
[    0.000000] PM: Registered nosave memory: [mem 0x000f0000-0x000fffff]
[    0.000000] e820: [mem 0x40000000-0xfebfffff] available for PCI devices
[    0.000000] Booting paravirtualized kernel on KVM
[    0.000000] clocksource: refined-jiffies: mask: 0xffffffff max_cycles: 0xffffffff, max_idle_ns: 7645519600211568 ns
[    0.000000] setup_percpu: NR_CPUS:512 nr_cpumask_bits:512 nr_cpu_ids:2 nr_node_ids:1
[    0.000000] PERCPU: Embedded 34 pages/cpu @ffff88003fc00000 s99544 r8192 d31528 u1048576
[    0.000000] PV qspinlock hash table entries: 256 (order: 0, 4096 bytes)
[    0.000000] Built 1 zonelists in Node order, mobiliy grouping on.  Total pages: 257912
[    0.000000] Policy zone: DMA32
[    0.000000 Kernel command line: BOOT_IMAGE=/boot/vmlinuz-4.4.0-130-generic root=LABEL=cloudimg-rootfs ro console=tty1 console=ttyS0
[    0.000000] PD hash table entries: 4096 (order: 3, 32768 bytes)
[    0.000000] Memory: 1001612K/1048120K available (8546K kernel code, 1313K rwdata, 4000K rodata, 1516Kinit, 1316K ss, 46508K reserved, 0K cma-reserved)
[    0.000000] SLUB: HWalign=64, Order=0-3, MinObjects=0, CPUs=2, Nodes=1
[    0.000000] Kernel/User page tables ilation: enabled
[    0.000000] Hierarchical RCU implementation.
[    0.000000] 	Build-time adjustment of leaf fanout to 64.
[    0.000000] 	RCU restricting CPUs from NR_CPUS=512 to nr_cpu_ids=2.
[    0.000000] RCU: Adjusting geometry for rcu_fanout_leaf=64, nr_cpu_ids=2
[    0.000000]NR_IRQS:3324 nr_irqs:440 16
[    0.000000] Console: colour VGA+ 80x25
[    0.000000] console [tty1] enabled
[    0.000000] console [ttyS0] enabled
[    0.000000] tsc: Detected 1599.999 MHz processor
[    1.430804] Calibrating delay loop (skipped) preset value.. 3199.99 BogoMIPS (lpj=6399996)
[    1.438636] pid_max: default: 32768 minimum: 301
[    1.440775] ACPI: Core revision 20150930
[    1.444154] ACPI: 2 ACPI AML tables successfully acquired and loaded
[    1.466652] Security Framework initialized
[    1.469484] Yama: becoming mindful.
[    1.471535] AppArmor: AppArmor initialized
[    1.475440] Dentry cache hash table entries: 131072 (order: 8, 1048576 bytes)
[    1.482508] Inode-cache hash table entries: 65536 (order: 7, 524288 bytes)
[    1.485840] Mount-cache hash table entries: 2048 (order: 2, 16384 bytes)
[    1.494073] Mountpoint-cache hash table entries: 2048 (order: 2, 16384 bytes)
[    1.499974] Initializing cgroup subsys io
[    1.501931] Initializing cgroup subsys memory
[    1.503942] Initializing cgroup subsys devices
[    1.505824] Initializing cgroup subsys freezer
[    1.515784] Initializing cgroup subsys net_cls
[    1.518241] Initializing cgroup subsys perf_event
[    1.520789] Initializing cgroup subsys net_prio
[    1.523030] Initializing cgroup subsys hugetlb
[    1.529187] Initializing cgroup subsys pids
[    1.546886] CPU: Physical Processor ID: 0
[    1.548759] CPU: Processor Core ID: 0
[    1.552099] mce: CPU supports 0 MCE banks
[    1.554079] Last level iTLB entries: 4KB 64, 2MB 8, 4MB 8
[    1.559718] Last level dTLB entries: 4KB 64, 2MB 0, 4MB 0, 1GB 4
[    1.564009] Spectre V2 : Mitigation: Full generic retpoline
[    1.570660] Spectre V2 : Speculation control IBPB not-supported IBRS not-supported
[    1.578415] Speculative Store Bypass: Vulnerable
[    1.585818] Freeing SMP alternatives memory: 32K
[    1.598730] ftrace: allocating 32245 entries in 126 pages
[    1.665350] smpboot: APIC(0) Converting physical 0 to logical package 0
[    1.668357] smpboot: Max logical packages: 1
[    1.670913] x2apic enabled
[    1.672527] Switched APIC routing to physical x2apic.
[    1.676351] ..TIMER: vector=0x30 apic1=0 pin1=2 apic2=-1 pin2=-1
[    1.789442] smpboot: CPU0: Intel(R) Core(TM) i5-5250U CPU @ 1.60GHz (family: 0x6, model: 0x3d, stepping: 0x4)
[    1.802209] Performance Events: unsupported p6 CPU model 61 no PMU driver, software events only.
[    1.806769] KVM setup paravirtual spinlock
[    1.809638] x86: Booting SMP configuration:
[    1.812178] .... node  #0, CPUs:      #1
[    1.818880] kvm-clock: cpu 1, msr 0:3ffe3041, secondary cpu clock
[    1.822083] mce: CPU supports 0 MCE banks
[    1.825632] x86: Booted up 1 node, 2 CPUs
[    1.830689] smpboot: Total of 2 processors activated (6399.99 BogoMIPS)
[    1.833930] devtmpfs: initialized
[    1.840060] evm: security.selinux
[    1.843103] evm: security.SMACK64
[    1.845239] evm: security.SMACK64EXEC
[    1.847246] evm: security.SMACK64TRANSMUTE
[    1.848924] evm: security.SMACK64MMAP
[    1.850817] evm: security.ima
[    1.854994] evm: security.capability
[    1.860799] clocksource: jiffies: mask: 0xffffffff max_cycles: 0xffffffff, max_idle_ns: 7645041785100000 ns
[    1.865306] futex hash table entries: 512 (order: 3, 32768 bytes)
[    1.868464] pinctrl core: initialized pinctrl subsystem
[    1.871212] RTC time: 14:30:49, date: 07/31/18
[    1.875076] NET: Registered protocol family 16
[    1.890482] cpuidle: using governor ladder
[    1.906090] cpuidle: using governor menu
[    1.909784] PCCT header not found.
[    1.911240] ACPI: bus type PCI registered
[    1.912622] acpiphp: ACPI Hot Plug PCI Controller Driver version: 0.5
[    1.914834] PCI: Using configuration type 1 for base access
[    1.931135] ACPI: Added _OSI(Module Device)
[    1.939213] ACPI: Added _OSI(Processor Device)
[    1.947707] ACPI: Added _OSI(3.0 _SCP Extensions)
[    1.951139] ACPI: Added _OSI(Processor Aggregator Device)
[    1.954559] ACPI: Executed 1 blocks of module-level executable AML code
[    1.959711] ACPI: Interpreter enabled
[    1.966905] ACPI: (supports S0 S5)
[    1.968877] ACPI: Using IOAPIC for interrupt routing
[    1.977314] PCI: Using host bridge windows from ACPI; if necessary, use "pci=nocrs" and report a bug
[    1.994464] ACPI: PCI Root Bridge [PCI0] (domain 0000 [bus 00-ff])
[    2.000385] acpi PNP0A03:00: _OSC: OS supports [ASPM ClockPM Segments MSI]
[    2.003537] acpi PNP0A03:00: _OSC: not requesting OS control; OS requires [ExtendedConfig ASPM ClockPM MSI]
[    2.007784] acpi PNP0A03:00: fail to add MMCONFIG information, can't access extended PCI configuration space under this bridge.
[    2.034854] PCI host bridge to bus 0000:00
[    2.038835] pci_bus 0000:00: root bus resource [io  0x0000-0x0cf7 window]
[    2.043485] pci_bus 0000:00: root bus resource [io  0x0d00-0xffff window]
[    2.056368] pci_bus 0000:00: root bus resource [mem 0x000a0000-0x000bffff window]
[    2.070167] pci_bus 0000:00: root bus resource [mem 0x40000000-0xfdffffff window]
[    2.084918] pci_bus 0000:00: root bus resource [bus 00-ff]
[    2.115383] pci 0000:00:01.1: legacy IDE quirk: reg 0x10: [io  0x01f0-0x01f7]
[    2.122441] pci 0000:00:01.1: legacy IDE quirk: reg 0x14: [io  0x03f6]
[    2.130960] pci 0000:00:01.1: legacy IDE quirk: reg 0x18: [io  0x0170-0x0177]
[    2.152145] pci 0000:00:01.1: legacy IDE quirk: reg 0x1c: [io  0x0376]
[    2.181019] pci 0000:00:07.0: quirk: [io  0x4000-0x403f] claimed by PIIX4 ACPI
[    2.188326] pci 0000:00:07.0: quirk: [io  0x4100-0x410f] claimed by PIIX4 SMB
[    2.212355] ACPI: PCI Interrupt Link [LNKA] (IRQs 5 9 10 *11)
[    2.217922] ACPI: PCI Interrupt Link [LNKB] (IRQs 5 9 *10 11)
[    2.222423] ACPI: PCI Interrupt Link [LNKC] (IRQs 5 *9 10 11)
[    2.236049] ACPI: PCI Interrupt Link [LNKD] (IRQs 5 9 10 *11)
[    2.242219] ACPI: Enabled 2 GPEs in block 00 to 07
[    2.249993] vgaarb: setting as boot device: PCI:0000:00:02.0
[    2.253271] vgaarb: device added: PCI:0000:00:02.0,decodes=io+mem,owns=io+mem,locks=none
[    2.260301] vgaarb: loaded
[    2.262371] vgaarb: bridge control possible 0000:00:02.0
[    2.271160] SCSI subsystem initialized
[    2.275633] ACPI: bus type USB registered
[    2.277807] usbcore: registered new interface driver usbfs
[    2.283683] usbcore: registered new interface driver hub
[    2.288933] usbcore: registered new device driver usb
[    2.295553] PCI: Using ACPI for IRQ routing
[    2.300630] NetLabel: Initializing
[    2.302512] NetLabel:  domain hash size = 128
[    2.307880] NetLabel:  protocols = UNLABELED CIPSOv4
[    2.310433] NetLabel:  unlabeled traffic allowed by default
[    2.313749] amd_nb: Cannot enumerate AMD northbridges
[    2.319503] clocksource: Switched to clocksource kvm-clock
[    2.333141] AppArmor: AppArmor Filesystem Enabled
[    2.334982] pnp: PnP ACPI init
[    2.340835] pnp: PnP ACPI: found 3 devices
[    2.350552] clocksource: acpi_pm: mask: 0xffffff max_cycles: 0xffffff, max_idle_ns: 2085701024 ns
[    2.356395] NET: Registered protocol family 2
[    2.358869] TCP established hash table entries: 8192 (order: 4, 65536 bytes)
[    2.368090] TCP bind hash table entries: 8192 (order: 5, 131072 bytes)
[    2.373012] TCP: Hash tables configured (established 8192 bind 8192)
[    2.375842] UDP hash table entries: 512 (order: 2, 16384 bytes)
[    2.378831] UDP-Lite hash table entries: 512 (order: 2, 16384 bytes)
[    2.384718] NET: Registered protocol family 1
[    2.395662] pci 0000:00:00.0: Limiting direct PCI/PCI transfers
[    2.400175] pci 0000:00:01.0: Activating ISA DMA hang workarounds
[    2.405251] Unpacking initramfs...
[    4.651231] Freeing initrd memory: 10904K
[    4.653438] RAPL PMU detected, API unit is 2^-32 Joules, 4 fixed counters 10737418240 ms ovfl timer
[    4.663409] hw unit of domain pp0-core 2^-0 Joules
[    4.668283] hw unit of domain package 2^-0 Joules
[    4.674279] hw unit of domain dram 2^-0 Joules
[    4.677806] hw unit of domain pp1-gpu 2^-0 Joules
[    4.680186] platform rtc_cmos: registered platform RTC device (no PNP device found)
[    4.689976] Scanning for low memory corruption every 60 seconds
[    4.699579] audit: initializing netlink subsys (disabled)
[    4.702079] audit: type=2000 audit(1533047459.685:1): initialized
[    4.705660] Initialise system trusted keyring
[    4.708101] HugeTLB registered 2 MB page size, pre-allocated 0 pages
[    4.713769] zbud: loaded
[    4.715333] VFS: Disk quotas dquot_6.6.0
[    4.717072] VFS: Dquot-cache hash table entries: 512 (order 0, 4096 bytes)
[    4.721607] squashfs: version 4.0 (2009/01/31) Phillip Lougher
[    4.724672] fuse init (API version 7.23)
[    4.726343] Key type big_key registered
[    4.728243] Allocating IMA MOK and blacklist keyrings.
[    4.739962] Key type asymmetric registered
[    4.744331] Asymmetric key parser 'x509' registered
[    4.747414] Block layer SCSI generic (bsg) driver version 0.4 loaded (major 249)
[    4.752585] io scheduler noop registered
[    4.754401] io scheduler deadline registered (default)
[    4.756959] io scheduler cfq registered
[    4.759377] pci_hotplug: PCI Hot Plug PCI Core version: 0.5
[    4.763801] pciehp: PCI Express Hot Plug Controller Driver version: 0.4
[    4.770851] ACPI: AC Adapter [AC] (off-line)
[    4.773225] input: Power Button as /devices/LNXSYSTM:00/LNXPWRBN:00/input/input0
[    4.778818] ACPI: Power Button [PWRF]
[    4.781322] input: Sleep Button as /devices/LNXSYSTM:00/LNXSLPBN:00/input/input1
[    4.785423] ACPI: Sleep Button [SLPF]
[    4.787748] GHES: HEST is not enabled!
[    4.790933] Serial: 8250/16550 driver, 32 ports, IRQ sharing enabled
[    4.791836] ACPI: Battery Slot [BAT0] (battery present)
[    4.826111] 00:02: ttyS0 at I/O 0x3f8 (irq = 4, base_baud = 115200) is a 16550A
[    4.848084] Linux agpgart interface v0.103
[    4.853070] loop: module loaded
[    4.855625] scsi host0: ata_piix
[    4.858147] scsi host1: ata_piix
[    4.859788] ata1: PATA max UDMA/33 cmd 0x1f0 ctl 0x3f6 bmdma 0xd000 irq 14
[    4.863653] ata2: PATA max UDMA/33 cmd 0x170 ctl 0x376 bmdma 0xd008 irq 15
[    4.867379] libphy: Fixed MDIO Bus: probed
[    4.878868] tun: Universal TUN/TAP device driver, 1.6
[    4.881375] tun: (C) 1999-2004 Max Krasnyansky <maxk@qualcomm.com>
[    4.886672] PPP generic driver version 2.4.2
[    4.889022] ehci_hcd: USB 2.0 'Enhanced' Host Controller (EHCI) Driver
[    4.898002] ehci-pci: EHCI PCI platform driver
[    4.902330] ehci-platform: EHCI generic platform driver
[    4.909346] ohci_hcd: USB 1.1 'Open' Host Controller (OHCI) Driver
[    4.912142] ohci-pci: OHCI PCI platform driver
[    4.918924] ohci-platform: OHCI generic platform driver
[    4.925476] uhci_hcd: USB Universal Host Controller Interface driver
[    4.929426] i8042: PNP: PS/2 Controller [PNP0303:PS2K,PNP0f03:PS2M] at 0x60,0x64 irq 1,12
[    4.936095] serio: i8042 KBD port at 0x60,0x64 irq 1
[    4.938732] serio: i8042 AUX port at 0x60,0x64 irq 12
[    4.943873] mousedev: PS/2 mouse device common for all mice
[    4.961609] input: AT Translated Set 2 keyboard as /devices/platform/i8042/serio0/input/input2
[    4.966786] rtc_cmos rtc_cmos: rtc core: registered rtc_cmos as rtc0
[    4.971844] rtc_cmos rtc_cmos: alarms up to one day, 114 bytes nvram
[    4.978988] i2c /dev entries driver
[    4.983552] device-mapper: uevent: version 1.0.3
[    4.992665] device-mapper: ioctl: 4.34.0-ioctl (2015-10-28) initialised: dm-devel@redhat.com
[    5.001766] ledtrig-cpu: registered to indicate activity on CPUs
[    5.007106] NET: Registered protocol family 10
[    5.009980] NET: Registered protocol family 17
[    5.014695] Key type dns_resolver registered
[    5.017432] registered taskstats version 1
[    5.019450] Loading compiled-in X.509 certificates
[    5.025196] Loaded X.509 cert 'Build time autogenerated kernel key: b3e0fe4bcd6378c38a2c0a4648abbc1fa5043a22'
[    5.034366] zswap: loaded using pool lzo/zbud
[    5.038614] Key type trusted registered
[    5.055429] Key type encrypted registered
[    5.057520] AppArmor: AppArmor sha1 policy hashing enabled
[    5.059983] ima: No TPM chip found, activating TPM-bypass!
[    5.074146] ima: Allocated hash algorithm: sha1
[    5.076120] evm: HMAC attrs: 0x1
[    5.080115]   Magic number: 10:299:537
[    5.082191] tty ttyS17: hash matches
[    5.091604] rtc_cmos rtc_cmos: setting system clock to 2018-07-31 14:30:52 UTC (1533047452)
[    5.100569] BIOS EDD facility v0.16 2004-Jun-25, 0 devices found
[    5.104393] EDD information not available.
[    5.115208] Freeing unused kernel memory: 1516K
[    5.128264] Write protecting the kernel read-only data: 14336k
[    5.133920] Freeing unused kernel memory: 1680K
[    5.136484] Freeing unused kernel memory: 96K
Loading, please wait...
starting version 229
[    5.157939] random: systemd-udevd: uninitialized urandom read (16 bytes read, 5 bits of entropy available)
[    5.159264] random: udevadm: uninitialized urandom read (16 bytes read, 5 bits of entropy available)
[    5.159301] random: udevadm: uninitialized urandom read (16 bytes read, 5 bits of entropy available)
[    5.172385] random: udevadm: uninitialized urandom read (16 bytes read, 5 bits of entropy available)
[    5.172441] random: udevadm: uninitialized urandom read (16 bytes read, 5 bits of entropy available)
[    5.172640] random: udevadm: uninitialized urandom read (16 bytes read, 5 bits of entropy available)
[    5.172702] random: udevadm: uninitialized urandom read (16 bytes read, 5 bits of entropy available)
[    5.172760] random: udevadm: uninitialized urandom read (16 bytes read, 5 bits of entropy available)
[    5.172819] random: udevadm: uninitialized urandom read (16 bytes read, 5 bits of entropy available)
[    5.172880] random: udevadm: uninitialized urandom read (16 bytes read, 5 bits of entropy available)
[    5.292359] e1000: Intel(R) PRO/1000 Network Driver - version 7.3.21-k8-NAPI
[    5.295991] e1000: Copyright (c) 1999-2006 Intel Corporation.
[    5.300194] Fusion MPT base driver 3.04.20
[    5.302564] Copyright (c) 1999-2008 LSI Corporation
[    5.310494] Fusion MPT SPI Host driver 3.04.20
[    5.349709] AVX2 version of gcm_enc/dec engaged.
[    5.352964] AES CTR mode by8 optimization enabled
[    5.536105] input: ImExPS/2 Generic Explorer Mouse as /devices/platform/i8042/serio1/input/input4
[    5.681982] tsc: Refined TSC clocksource calibration: 1599.974 MHz
[    5.686134] clocksource: tsc: mask: 0xffffffffffffffff max_cycles: 0x17100c6f8d5, max_idle_ns: 440795227657 ns
[    5.853440] e1000 0000:00:03.0 eth0: (PCI:33MHz:32-bit) 02:c5:fa:e6:4f:6d
[    5.855786] e1000 0000:00:03.0 eth0: Intel(R) PRO/1000 Network Connection
[    5.979815] mptbase: ioc0: Initiating bringup
[    6.488359] ioc0: LSI53C1030 A0: Capabilities={Initiator}
[    6.742854] scsi host2: ioc0: LSI53C1030 A0, FwRev=00000000h, Ports=1, MaxQ=256, IRQ=20
[    7.599092] scsi 2:0:0:0: Direct-Access     VBOX     HARDDISK         1.0  PQ: 0 ANSI: 5
[    8.518377] scsi target2:0:0: Beginning Domain Validation
[    8.523299] scsi target2:0:0: Domain Validation skipping write tests
[    8.537436] scsi target2:0:0: Ending Domain Validation
[    8.544848] scsi target2:0:0: asynchronous
[    8.551737] scsi 2:0:1:0: Direct-Access     VBOX     HARDDISK         1.0  PQ: 0 ANSI: 5
[    8.555256] scsi target2:0:1: Beginning Domain Validation
[    8.559654] scsi target2:0:1: Domain Validation skipping write tests
[    8.565087] scsi target2:0:1: Ending Domain Validation
[    8.567387] scsi target2:0:1: asynchronous
[    8.592400] sd 2:0:0:0: Attached scsi generic sg0 type 0
[    8.596213] sd 2:0:0:0: [sda] 20971520 512-byte logical blocks: (10.7 GB/10.0 GiB)
[    8.600077] sd 2:0:1:0: [sdb] 20480 512-byte logical blocks: (10.5 MB/10.0 MiB)
[    8.603477] sd 2:0:0:0: [sda] Write Protect is off
[    8.606072] sd 2:0:1:0: Attached scsi generic sg1 type 0
[    8.608399] sd 2:0:1:0: [sdb] Write Protect is off
[    8.610785] sd 2:0:0:0: [sda] Incomplete mode parameter data
[    8.613401] sd 2:0:0:0: [sda] Assuming drive cache: write through
[    8.615826] sd 2:0:1:0: [sdb] Incomplete mode parameter data
[    8.617791] sd 2:0:1:0: [sdb] Assuming drive cache: write through
[    8.625301]  sda: sda1
[    8.627631] sd 2:0:1:0: [sdb] Attached SCSI disk
[    8.630610] sd 2:0:0:0: [sda] Attached SCSI disk
[    9.164273] e1000 0000:00:08.0 eth1: (PCI:33MHz:32-bit) 08:00:27:d0:77:11
[    9.170880] e1000 0000:00:08.0 eth1: Intel(R) PRO/1000 Network Connection
[    9.179121] e1000 0000:00:03.0 enp0s3: renamed from eth0
[    9.192397] e1000 0000:00:08.0 enp0s8: renamed from eth1
Begin: Loading essential drivers ... [   10.604074] md: linear personality registered for level -1
[   10.616593] md: multipath personality registered for level -4
[   10.629539] md: raid0 personality registered for level 0
[   10.635266] md: raid1 personality registered for level 1
[   10.711531] raid6: sse2x1   gen()  7993 MB/s
[   10.784074] raid6: sse2x1   xor()  6199 MB/s
[   10.852126] raid6: sse2x2   gen()  9983 MB/s
[   10.923588] raid6: sse2x2   xor()  6537 MB/s
[   10.996028] raid6: sse2x4   gen() 11637 MB/s
[   11.063708] raid6: sse2x4   xor()  7933 MB/s
[   11.131589] raid6: avx2x1   gen() 15635 MB/s
[   11.203687] raid6: avx2x2   gen() 18152 MB/s
[   11.271737] raid6: avx2x4   gen() 20212 MB/s
[   11.273739] raid6: using algorithm avx2x4 gen() 20212 MB/s
[   11.276572] raid6: using avx2x2 recovery algorithm
[   11.281090] xor: automatically using best checksumming function:
[   11.319595]    avx       : 27754.000 MB/sec
[   11.327402] async_tx: api initialized (async)
[   11.360788] md: raid6 personality registered for level 6
[   11.366526] md: raid5 personality registered for level 5
[   11.374078] md: raid4 personality registered for level 4
[   11.409773] md: raid10 personality registered for level 10
done.
Begin: Running /scripts/init-premount ... done.
Begin: Mounting root file system ... Begin: Running /scripts/local-top ... done.
Begin: Running /scripts/local-pr[   11.458491] Btrfs loaded
emount ... Scanning for Btrfs filesystems
done.
Warning: fsck not present, so skipping root file system
[   11.564770] EXT4-fs (sda1): mounted filesystem with ordered data mode. Opts: (null)
done.
Begin: Running /scripts/local-bottom ... done.
Begin: Running /scripts/init-bottom ... done.
[   12.065557] sstemd[1]: systemd 229 runnng in system mode. (+PAM +AUDIT +SELINUX +IMA +APPARMOR +SMACK +SYSVINIT +UTMP +LIBCRYPTSETUP +GCRYPT+GNUTLS ACL +XZ -LZ4 +ECCOP +BLKID+ELFUTILS +KMOD -IDN)

[   12.252181] systemd[1]: Detected virtualization oracle.
[   12.254439] systemd[1]: Detected architecture x86-64.

Welcome to [1mUbuntu 16.04.4 LTS[0m!

[   1.602230] systemd[1]: Set hostname to <ubuntu>.

[   12.644375] systemd[1]: Initialiing machine ID from random generator.
[   12.674726] systemd[1]: Installed transient /etc/machine-id file.
[  14.346017] systemd[1]: Reached targe Encrypte Volumes.
[[0;32m  OK  [0m] Reached target Encrypted Volumes.
[   14.428447] systemd[1]: Listening on LVM2 poll daemon socket.
[[0;32m  OK  [0m] Listening on LVM2 poll daemon socket.
[   14.592875] systemd[1]: Listening on Device-mapper event daemon FIFOs.
[[0;32m  OK  [0m] Listening on Device-mapper event daemon FIFOs.
[   14.705470] systemd[1]: Created sliceUser and Session Slice.
[[0;32m  OK  [0m] Created slice User and Session Slice.
[   14.742650] stemd[1]: Listening on Journal Sockt.
[[0;32m  OK  [0m] Listening on Journal Socket.
[   14.871340] systemd[1]: Listening on Syslog Soet.
[[0;32m  OK  [0m] Listening on Syslog Socket.
[   15.556326] system[1]: Reached target User and Group Name Lookups.
 [[0;32m  OK  [0m] Reached target User and Group Name Lookups.
[   15.604685] systemd[1]: Set up automount Arbirary Executable File Formats File System Automount Point.
[[0;32m  OK  [0m] Set up automount Arbitrary Ex[   15.694882] random: nonblocking pool is initialized
ecutab...ats File System Automount Point.
[   16.293115] systemd[1]: Listening on /dev/initctl Compatibility Name Pipe.
[[0;32m  OK  [0m] Listening on /dev/initctl Compatibility Named Pipe.
[   16.609414] systemd[1]: Listening on LVM2 metadata daemon socket.
[[0;32m  OK  [0m] Listening on LVM2 metadata daemon socket.
[   16.716605] systemd[1]: Listening on Journal Audit Socke.
[[0;32m  OK  [0m] Listening on Journal Audit Socket.
[  17.430022] systemd[1]: Reached target System Time Synchronized.
[[0;32m  OK  [0m] Reached target System Time Synchronized.
[   17.581044]systemd1]: Reached target Swap
[[0;32m  OK  [0m] Reached target Swap.
[   17.686898] systemd[1]: Startd Trigger reslvconf update for networkd DNS.
[[0;32m  OK  [0m] Started Trigger resolvconf update for networkd DNS.
[   18.009679] system[1]: Liteningon udevControl Soket.
[[0;32m  OK  [0m] Listening on udev Control Socket.
[   18.689158] systemd[1]: Created slice System Slice.
[[0;32m  OK  [0m] Created slice System Slice.
[   19.572180] systemd[1]: Starting Uncomplicated firewall...
         Starting Uncomplicated firewall...
[   19.592041] systemd[1]: Mounting Huge Pages File System...
         Mounting Huge Pages File System...
[   19.600718] systemd[1]: Mounting Debug File System...
         Mounting Debug File System...
[   19.609515] systemd[1]: Starting Remount Root and Kernel File Systems...
         Starting Remount Root and Kernel File Systems...[   19.619383] EXT4-fs (sda1): re-mounted. Opts: (null)

[   19.628255] systemd[1]: Starting Monitoring of LVM2 mirrors, snapshots etc. using dmeventd or progress polling...
         Starting Monitoring of LVM2 mirrors... dmeventd or progress polling...
[   19.652459] systemd[1]: Reaced target Slices.

[[0;32m  OK  [0m] Reached target Slices.
[   19.696109] systemd[1]: Started Forward Password Requests to Wall Directory Watch.
[[0;32m  OK  [0m] Started Forward Password Requests to Wall Directory Watch.
[   19.710025] systemd[1]: Created slice system-serial\x2dgetty.slice.
[[0;32m  OK  [0m] Created slice system-serial\x2dgetty.slice.
[   19.736233] systemd[1]: Mounting POSIX Message Queue File System...
         Mounting POSIX Message Queue File System...
[   19.743331] systemd[1]: Starting Nameserver information manager...
         Starting Nameserver information manager...
[   19.760509] systemd[1]: Listening on udev Kernel Socket.
[[0;32m  OK  [0m] Listening on udev Kernel Socket.
[   20.576568] systemd[1]: Starting Create list of required static device nodes for the current kernel...
         Starting Create list of required st... nodes for the current kernel...
[   20.598921] systemd[1]: Starting Set console keymap...
         Starting Set console keymap...
[   20.632458] systemd[1]: Starting Load Kernel Modules...
         Starting Load Kernel Modules...
[   20.641337] systemd[1]: Listening on Journal Socket (/dev/log).
[[0;32m  OK  [0m] Listening on Journal Socket (/dev/log).
[   20.660616] systemd[1]: Starting Journal Service...
         Starting Journal[   20.664903] Loading iSCSI transport class v2.0-870.
 Service...
[   20.671556] systemd[1]: Mounted POSIX Message Queue File System.
[[0;32m  OK  [0m] Mounted POSIX Message Queue File System.
[   20.699628] systemd[1]: Mounted Huge Pages File System.
[[0;32m  OK  [0m] Mounted Huge Pages File System.
[   20.712799] iscsi: registered transport (tcp)
[   20.717411] systemd[1]: Mounted Debug File System.
[[0;32m  OK  [0m] Mounted Debug File System.
[   20.736604] systemd[1]: Started Uncomplicated firewall.
[[0;32m  OK  [0m] Started Uncomplicated firewall.
[   20.771343] systemd[1]: Started Remount Root and Kernel File Systems.
[[0;32m  OK  [0m] Started Remount Root and Kernel File Systems.
[   20.803968] iscsi: registered transport (iser)
[   20.812325] systemd[1]: Started Create list of required static device nodes for the current kernel.
[[0;32m  OK  [0m] Started Create list of required sta...ce nodes for the current kernel.
[   20.826802] systemd[1]: Started Set console keymap.
[[0;32m  OK  [0m] Started Set console keymap.
[   20.834689] systemd[1]: Started Load Kernel Modules.
[[0;32m  OK  [0m] Started Load Kernel Modules.
[   20.864478] systemd[1]: Started Nameserver information manager.
[[0;32m  OK  [0m] Started Nameserver information manager.
[   20.879027] systemd[1]: Started Journal Service.
[[0;32m  OK  [0m] Started Journal Service.
[[0;32m  OK  [0m] Started LVM2 metadata daemon.
         Starting Apply Kernel Variables...
         Mounting FUSE Control File System...
         Starting Create Static Device Nodes in /dev...
         Starting Load/Save Random Seed...
         Starting udev Coldplug all Devices...
         Starting Flush Journal to Persistent Storage...
[[0;32m  OK  [0m] Mounted FUSE Control File System.
[[0;32m  OK  [0m] Started Apply Kernel Variables.
[[0;32m  OK  [0m] Started Create Static Device Nodes in /dev.
[[0;32m  OK  [0m] Started Load/Save Random Seed.
[[0;32m  OK  [0m] Started udev Coldplug all Devices.
         Starting udev Kernel Device Manager...
[[0;32m  OK  [0m] Started Flush Journal to Persistent Storage.
[[0;32m  OK  [0m] Started Monitoring of LVM2 mirrors,...ng dmeventd or progress polling.
[[0;32m  OK  [0m] Started udev Kernel Device Manager.
[[0;32m  OK  [0m] Reached target Local File Systems (Pre).
[[0;32m  OK  [0m] Reached target Local File Systems.
         Starting Commit a transient machine-id on disk...
         Starting LSB: AppArmor initialization...
         Starting Create Volatile Files and Directories...
         Starting Set console font and keymap...
         Starting Initial cloud-init job (pre-networking)...
         Starting Tell Plymouth To Write Out Runtime Data...
[[0;32m  OK  [0m] Started Dispatch Password Requests to Console Directory Watch.
[[0;32m  OK  [0m] Started Commit a transient machine-id on disk.
[[0;32m  OK  [0m] Started Create Volatile Files and Directories.
[[0;32m  OK  [0m] Started Tell Plymouth To Write Out Runtime Data.
         Starting Update UTMP about System Boot/Shutdown...
[[0;32m  OK  [0m] Started Update UTMP about System Boot/Shutdown.
[[0;32m  OK  [0m] Found device /dev/ttyS0.
[[0;32m  OK  [0m] Listening on Load/Save RF Kill Switch Status /dev/rfkill Watch.
[[0;32m  OK  [0m] Started Set console font and keymap.
[   21.717039] [[0;32m  OK  [0m] Started LSB: AppArmor initialization.
cloud-init[487]: Cloud-init v. 18.2 running 'init-local' at Tue, 31 Jul 2018 14:31:10 +0000. Up 21.25 seconds.
[[0;32m  OK  [0m] Started Initial cloud-init job (pre-networking).
[[0;32m  OK  [0m] Reached target Network (Pre).
         Starting Raise network interfaces...
[[0;32m  OK  [0m] Created slice system-getty.slice.
[[0;32m  OK  [0m] Started Raise network interfaces.
         Starting Initial cloud-init job (metadata service crawler)...
[[0;32m  OK  [0m] Reached target Network.
[   24.844513] cloud-init[973]: Cloud-init v. 18.2 running 'init' at Tue, 31 Jul 2018 14:31:12 +0000. Up 23.26 seconds.
[   24.855718] cloud-init[973]: ci-info: ++++++++++++++++++++++++++++++++++++++Net device info++++++++++++++++++++++++++++++++++++++
[   24.864285] cloud-init[973]: ci-info: +--------+-------+----------------------------+---------------+-------+-------------------+
[   24.877551] cloud-init[973]: ci-info: | Device |   Up  |          Address           |      Mask     | Scope |     Hw-Address    |
[   24.891726] cloud-init[973]: ci-info: +--------+-------+----------------------------+---------------+-------+-------------------+
[   24.900555] cloud-init[973]: ci-info: | enp0s3 |  True |         10.0.2.15          | 255.255.255.0 |   .   | 02:c5:fa:e6:4f:6d |
[   24.917589] cloud-init[973]: ci-info: | enp0s3 |  True | fe80::c5:faff:fee6:4f6d/64 |       .       |  link | 02:c5:fa:e6:4f:6d |
[   24.925940] cloud-init[973]: ci-info: | enp0s8 | False |             .              |       .       |   .   | 08:00:27:d0:77:11 |
[   24.940856] cloud-init[973]: ci-info: |   lo   |  True |         127.0.0.1          |   255.0.0.0   |   .   |         .         |
[   24.961648] cloud-init[973]: ci-info: |   lo   |  True |          ::1/128           |       .       |  host |         .         |
[   24.976273] cloud-init[973]: ci-info: +--------+-------+----------------------------+---------------+-------+-------------------+
[   25.004972] cloud-init[973]: ci-info: +++++++++++++++++++++++++++Route IPv4 info++++++++++++++++++++++++++++
[   25.006709] cloud-init[973]: ci-info: +-------+-------------+----------+---------------+-----------+-------+
[[0;32m  OK  [0m] Started Initial cloud-init job (metadata service crawler).
[   25.006925] cloud-init[973]: ci-info: | Route | Destination | Gateway  |    Genmask    | Interface | Flags |
[   25.169002] cloud-init[973]: ci-info: +-------+-------------+----------+---------------+-----------+-------+
[   25.175526] cloud-init[973]: ci-info: |   0   |   0.0.0.0   | 10.0.2.2 |    0.0.0.0    |   enp0s3  |   UG  |
[[0;32m  OK  [0m] Reached target Network is Online.
[   25.178898] cloud-init[973]: ci-info: |   1   |   10.0.2.0  | 0.0.0.0  | 255.255.255.0 |   enp0s3  |   U   |
[   25.193737] cloud-init[973]: ci-info: +-------+-------------+----------+---------------+-----------+-------+
[   25.203174] cloud-init[973]: Generating public/private rsa key pair.
[   25.210771] cloud-init[973]: Your identification has been saved in /etc/ssh/ssh_host_rsa_key.
[   25.224834]          Starting iSCSI initiator daemon (iscsid)...
[[0;32m  OK  [0m] Reached target Cloud-config availability.
[[0;32m  OK  [0m] Reached target System Initialization.
cloud-init[973]: Your public key has been saved in /etc/ssh/ssh_host_rsa_key.pub.
[[0;32m  OK  [0m] Started Daily apt download activities.
[   25.259243] cloud-init[973]: The key fingerprint is:
[   25.272740] [[0;32m  OK  [0m] Started ACPI Events Check.
cloud-init[973]: SHA256:kQolw1MCeJeejFbV5256/lduvXpkT3erPba2o/JFPrI root@ubuntu-xenial
[[0;32m  OK  [0m] Reached target Paths.
[[0;32m  OK  [0m] Listening on UUID daemon activation socket.
[   25.276930] cloud-init[973]:          Starting LXD - unix socket.
[[0;32m  OK  [0m] Started Daily Cleanup of Temporary Directories.
[[0;32m  OK  [0m] Listening on ACPID Listen Socket.
[[0;32m  OK  [0m] Started Daily apt upgrade and clean activities.
[[0;32m  OK  [0m] Reached target Timers.
The key's randomart image is:
[   25.328671]          Starting Socket activation for snappy daemon.cloud-init[973]: +---[RSA 2048]----+

[[0;32m  OK  [0m] Listening on D-Bus System Message Bus Socket.
[   25.332381] cloud-init[973]: | ..o+++.         |
[   25.349838] cloud-init[973]: |. . *=  ...      |
[[0;32m  OK  [0m] Listening on LXD - unix socket.
[[0;32m  OK  [0m] Listening on Socket activation for snappy daemon.
[   25.356012] cloud-init[973]: | . *.o  oo       |
[   25.379423] cloud-init[973]: |  o +. . ..      |
[[0;32m  OK  [0m] Started iSCSI initiator daemon (iscsid).
[   25.379588] cloud-init[973]: | .    . S.     . |
[   25.413365] cloud-init[973]: |          o   oo=|
         Starting Login to default iSCSI targets...
[   25.415348] cloud-init[973]: |         o   .oB*|
[[0;32m  OK  [0m] Reached target Sockets.
[   25.434248] cloud-init[973]: |        . ..  *B*|
[   25.449799] cloud-init[973]: |         o..+EB**|
[[0;32m  OK  [0m] Reached target Basic System.
[   25.463020] cloud-init[973]: +----[SHA256]-----+
[   25.470732] cloud-init[973]: Generating public/private dsa key pair.
[   25.497140] [[0;32m  OK  [0m] Started FUSE filesystem for LXC.
         Starting Virtualbox guest utils...
[[0;32m  OK  [0m] Started D-Bus System Message Bus.
cloud-init[973]: Your identification has been saved in /etc/ssh/ssh_host_dsa_key.
[   25.530025] cloud-init[973]: Your public key has been saved in /etc/ssh/ssh_host_dsa_key.pub.
[   25.628928] cloud-init[973]: The key fingerprint is:
[   25.660607] cloud-init[973]: SHA256:GhM3DSyHqitMtUfU9x2jLWNfwd/o9bOid0v7Ed/6ves root@ubuntu-xenial
[[0;32m  OK  [0m] Started ACPI event daemon.
[   25.765603] cloud-init[973]: The key's randomart image is:
[   25.796999] cloud-init[973]: +---[DSA 1024]----+
[   25.805013] cloud-init[973]: |      .o.     .  |
[   25.825187] [[0;32m  OK  [0m] Started Regular background program processing daemon.
         Starting LSB: Record successful boot for GRUB...
         Starting /etc/rc.local Compatibility...
         Starting Apply the settings specified in cloud-config...
         Starting Login Service...
         Starting LSB: MD monitoring daemon...
         Starting Pollinate to seed the pseudo random number generator...
         Starting Snappy daemon...
         Starting System Logging Service...
         Starting Accounts Service...
cloud-init[[0;32m  OK  [0m] Started Deferred execution scheduler.
[[973]: |     .o.o+   o o |
[   25.914852] cloud-init[973]: |    ...o+ o + o.+|
[   25.915543] cloud-init[973]: |   ... o . * o..+|
[   25.915671] cloud-init[973]: |  ..o o S . +..o.|
[   25.915758] cloud-init[973]: | ... . +     ...=|
[   25.915842] cloud-init[973]: |o  .. .        o=|
[   25.915984] cloud-init[973]: |...          o.++|
[0;32m  OK  [0m] Started Unattended Upgrades Shutdown.
[   25.937915] cloud-init[973]: | .         .o =EO|
[   26.240689]          cloud-initStarting LXD - container startup/shutdown...[973]: 
+----[SHA256]-----+
[   26.321194] [cloud-init[0;32m  OK  [0m[973]: ] Generating public/private ecdsa key pair.Started System Logging Service.

[[0;32m  OK  [0m] Started Snappy daemon.
[[0;32m  OK  [0m] Started /etc/rc.local Compatibility.
[   26.322757] cloud-init[973]: Your identification has been saved in /etc/ssh/ssh_host_ecdsa_key.
[   26.442934] cloud-init[973]: Your public key has been saved in /etc/ssh/ssh_host_ecdsa_key.pub.
[   26.463586] cloud-init[973]: The key fingerprint is:
[   26.510108] cloud-init[973]: SHA256:tv+XIbqb3DTSHephiljVwxMqX1EneGE7ERQBJ5xXGfQ root@ubuntu-xenial
[   26.533434] cloud-init[973]: The key's randomart image is:
[   26.561077] cloud-init[973]: +---[ECDSA 256]---+
[   26.585576] [[0;32m  OK  [0m] Started Login to default iSCSI targets.
cloud-init[973]: |           .o=&O=|
[   26.598792] cloud-init[973]: |            +=o*.|
[   26.602544] cloud-init[973]: |            ooo E|
[   26.618557] cloud-init[973]: |           + o . |
[   26.642680] cloud-init[[0;32m  OK  [0m] Started LSB: Record successful boot for GRUB.
[973]: |        S o * .  |
[   26.697483]          Starting Authenticate and Authorize Users to Run Privileged Tasks...
[[0;32m  OK  [0m] Reached target Remote File Systems (Pre).
[[0;32m  OK  [0m] Reached target Remote File Systems.
         Starting Permit User Sessions...
         Starting LSB: daemon to balance interrupts for SMP systems...
         Starting LSB: automatic crash report generation...
         Starting LSB: Set the CPU Frequency Scaling governor to "ondemand"...
         Starting Wait until snapd is fully seeded...
[[0;32m  OK  [0m] Started Permit User Sessions.
cloud-init[973]: |       . = o.=.. |
[   26.821444] [[0;32m  OK  [0m] Started Login Service.
cloud-init[973]: |        o o.B..o |[[0;32m  OK  [0m] Started LXD - container startup/shutdown.

[   26.838822] cloud-init[973]: |       o +.O oo  |
[   26.857409]          Starting Hold until boot process finishes up...
         Starting Terminate Plymouth Boot Screen...
cloud-init[973]: |      . . B++.   |
[   26.889313] cloud-init[973]: +----[SHA256]-----+[[0;32m  OK  [0m] Started Hold until boot process finishes up.

[   26.910565] [[0;32m  OK  [0m] Started Terminate Plymouth Boot Screen.
cloud-init[973]: Generating public/private ed25519 key pair.
[   27.022028] [[0;32m  OK  [0m] Started LSB: MD monitoring daemon.
[[0;32m  OK  [0m] Started Virtualbox guest utils.
[[0;32m  OK  [0m] Started Pollinate to seed the pseudo random number generator.
cloud-init[973]: Your identification has been saved in /etc/ssh/ssh_host_ed25519_key.
[[0;32m  OK  [0m] Started LSB: daemon to balance interrupts for SMP systems.
[[0;32m  OK  [0m] Started LSB: automatic crash report generation.[   27.078913] 
cloud-init[973]: Your public key has been saved in /etc/ssh/ssh_host_ed25519_key.pub.
[[0;32m  OK  [0m] Started Authenticate and Authorize Users to Run Privileged Tasks.[   27.174182] 
cloud-init[973]: The key fingerprint is:[[0;32m  OK  [0m
] Started Accounts Service.
[   27.232575] cloud-init[973]: SHA256:39Vmw+X1n5Lc+XJ7TmdJBh9hF0eNdVby4vl4vmHH7Ew root@ubuntu-xenial
[   27.273838] cloud-init[973]: The key's randomart image is:
[   27.288392] cloud-init[973]: +--[ED25519 256]--+
[   27.332695] cloud-init[973]: |              .B%|
[   27.356694] cloud-init[973]: |              o+*|
[   27.356878] cloud-init[973]: |             ...+|
[   27.357907] cloud-init[973]: |             .+==|
[   27.358009] cloud-init[973]: |        S     +**|
[   27.358096] cloud-init[973]: |         . ...=B*|
[   27.358179] cloud-init[973]: |          . .+.BE|
[   27.358261] cloud-init[973]: |              +OB|
[   27.358369] cloud-init[973]: |               *X|
[   27.358446] cloud-init[973]: +----[SHA256]-----+
         Starting OpenBSD Secure Shell server...
[[0;32m  OK  [0m] Started Getty on tty1.
[[0;32m  OK  [0m] Started Serial Getty on ttyS0.
[[0;32m  OK  [0m] Reached target Login Prompts.
         Starting Set console scheme...
[[0;32m  OK  [0m] Started OpenBSD Secure Shell server.
[[0;32m  OK  [0m] Started LSB: Set the CPU Frequency Scaling governor to "ondemand".
[   27.642345] cloud-init[1094]: Generating locales (this might take a while)...
[[0;32m  OK  [0m] Started Wait until snapd is fully seeded.
[[0;32m  OK  [0m] Started Set console scheme.
[[0;32m  OK  [0m] Created slice User Slice of vagrant.
[[0;32m  OK  [0m] Started Session 1 of user vagrant.
         Starting User Manager for UID 1000...
[[0;32m  OK  [0m] Reached target Multi-User System.
[[0;32m  OK  [0m] Reached target Graphical Interface.
         Starting Update UTMP about System Runlevel Changes...
[[0;32m  OK  [0m] Started User Manager for UID 1000.
[[0;32m  OK  [0m] Started Update UTMP about System Runlevel Changes.
[   29.163205] cloud-init[1094]:   en_US.UTF-8... done
[   29.187674] cloud-init[1094]: Generation complete.
[   30.123546] cloud-init[1094]: Cloud-init v. 18.2 running 'modules:config' at Tue, 31 Jul 2018 14:31:16 +0000. Up 27.43 seconds.
[[0;32m  OK  [0m] Started Apply the settings specified in cloud-config.
         Starting Execute cloud user/final scripts...
         Stopping User Manager for UID 1000...
[[0;32m  OK  [0m] Stopped User Manager for UID 1000.
[[0;32m  OK  [0m] Removed slice User Slice of vagrant.
[[0;32m  OK  [0m] Created slice User Slice of vagrant.
         Starting User Manager for UID 1000...
[[0;32m  OK  [0m] Started Session 2 of user vagrant.
[[0;32m  OK  [0m] Started User Manager for UID 1000.
ci-info: no authorized ssh keys fingerprints found for user ubuntu.
<14>Jul 31 14:31:20 ec2: 
<14>Jul 31 14:31:20 ec2: #############################################################
<14>Jul 31 14:31:20 ec2: -----BEGIN SSH HOST KEY FINGERPRINTS-----
<14>Jul 31 14:31:20 ec2: 1024 SHA256:GhM3DSyHqitMtUfU9x2jLWNfwd/o9bOid0v7Ed/6ves root@ubuntu-xenial (DSA)
<14>Jul 31 14:31:20 ec2: 256 SHA256:tv+XIbqb3DTSHephiljVwxMqX1EneGE7ERQBJ5xXGfQ root@ubuntu-xenial (ECDSA)
<14>Jul 31 14:31:20 ec2: 256 SHA256:39Vmw+X1n5Lc+XJ7TmdJBh9hF0eNdVby4vl4vmHH7Ew root@ubuntu-xenial (ED25519)
<14>Jul 31 14:31:20 ec2: 2048 SHA256:kQolw1MCeJeejFbV5256/lduvXpkT3erPba2o/JFPrI root@ubuntu-xenial (RSA)
<14>Jul 31 14:31:20 ec2: -----END SSH HOST KEY FINGERPRINTS-----
<14>Jul 31 14:31:20 ec2: #############################################################
-----BEGIN SSH HOST KEY KEYS-----
ecdsa-sha2-nistp256 AAAAE2VjZHNhLXNoYTItbmlzdHAyNTYAAAAIbmlzdHAyNTYAAABBBPqqwFtRBXN7tiToCIxJTIQkRSMp1RlzhoFvvOKUVuU4Bg/r8vjnf+mz6WA1ayNQGSdXDbfHrflrbG5yybjf+mY= root@ubuntu-xenial
ssh-ed25519 AAAAC3NzaC1lZDI1NTE5AAAAICv6Vqs7UvLE3gLmSFcER3Y0BynTMQ9nLTOnB2UbubSR root@ubuntu-xenial
ssh-rsa AAAAB3NzaC1yc2EAAAADAQABAAABAQDK+awadCE5mnJaWlV8MrNY+OTp3dB06fhEU9xF/cCWHZUMrolDeieyLtuMV/CLmAuV7fkH9s1VNRtOA50XkzmEPQcoXm7Uym0tI+ogvhxAcNPPHf1I3L+B+6xGVPRwDhhXn9MlE+N7I/eJChT1L1a+FNFD7Admil6oHRcrpcQEcITvhKjNF5WTc1Xoh7CoL8XvNk8hfmGIiH7LtDhS0q+38lbYEhmUsEAvVhSEPaySsxILGxKUJQNUa0uoLPn5jcHmzujuzI+sCUquOIpC3biP0ueVgD61wjrwmF4JTI5Ns7iuxZnGYtK/3mOD9eQJy5N9uZ1ggA/GVhtfodMgnYuJ root@ubuntu-xenial
-----END SSH HOST KEY KEYS-----
[   31.526590] cloud-init[1493]: Cloud-init v. 18.2 running 'modules:final' at Tue, 31 Jul 2018 14:31:20 +0000. Up 31.07 seconds.
[   31.542800] cloud-init[1493]: ci-info: no authorized ssh keys fingerprints found for user ubuntu.
[   31.549845] cloud-init[1493]: Cloud-init v. 18.2 finished at Tue, 31 Jul 2018 14:31:20 +0000. Datasource DataSourceNoCloud [seed=/dev/sdb][dsmode=net].  Up 31.51 seconds
[[0;32m  OK  [0m] Started Execute cloud user/final scripts.
[[0;32m  OK  [0m] Reached target Cloud-init target.

Ubuntu 16.04.4 LTS ubuntu-xenial ttyS0

ubuntu-xenial login: 